#
# A fatal error has been detected by the Java Runtime Environment:
#
#  EXCEPTION_ACCESS_VIOLATION (0xc0000005) at pc=0x00007ff9ef9bdfe8, pid=20724, tid=5916
#
# JRE version: Java(TM) SE Runtime Environment (15.0+36) (build 15+36-1562)
# Java VM: Java HotSpot(TM) 64-Bit Server VM (15+36-1562, mixed mode, sharing, tiered, compressed oops, g1 gc, windows-amd64)
# Problematic frame:
# V  [jvm.dll+0x20dfe8]
#
# No core dump will be written. Minidumps are not enabled by default on client versions of Windows
#
# If you would like to submit a bug report, please visit:
#   https://bugreport.java.com/bugreport/crash.jsp
#

---------------  S U M M A R Y ------------

Command Line: -XX:+ShowCodeDetailsInExceptionMessages -agentlib:jdwp=transport=dt_socket,suspend=y,address=localhost:50869 -ea -javaagent:C:\winapp\java64\jee-2021-03\eclipse\configuration\org.eclipse.osgi\1076\0\.cp\lib\javaagent-shaded.jar -Dfile.encoding=UTF-8 org.eclipse.jdt.internal.junit.runner.RemoteTestRunner -version 3 -port 50868 -testLoaderClass org.eclipse.jdt.internal.junit4.runner.JUnit4TestLoader -loaderpluginname org.eclipse.jdt.junit4.runtime -classNames test.rsa.TestGCDArr

Host: Intel(R) Xeon(R) W-2135 CPU @ 3.70GHz, 12 cores, 63G,  Windows 10 , 64 bit Build 19041 (10.0.19041.1202)
Time: Wed Sep 22 18:26:38 2021 ora legale Europa occidentale elapsed time: 1500.922064 seconds (0d 0h 25m 0s)

---------------  T H R E A D  ---------------

Current thread (0x000001d263159cf0):  JavaThread "JDWP Transport Listener: dt_socket" daemon [_thread_in_vm, id=5916, stack(0x00000004b1d00000,0x00000004b1e00000)] _threads_hazard_ptr=0x000001d2638a48e0

Stack: [0x00000004b1d00000,0x00000004b1e00000],  sp=0x00000004b1dfeb08,  free space=1018k
Native frames: (J=compiled Java code, j=interpreted, Vv=VM code, C=native code)
V  [jvm.dll+0x20dfe8]


siginfo: EXCEPTION_ACCESS_VIOLATION (0xc0000005), reading address 0x000001d262bc0b80


Register to memory mapping:

RIP=0x00007ff9ef9bdfe8 jvm.dll
RAX=0x00000000001940e0 is an unknown value
RBX=0x000001d262a0a3f8 is pointing into metadata
RCX=0x000001d262a2caa0 is pointing into metadata
RDX=0x000000000000ca06 is an unknown value
RSP=0x00000004b1dfeb08 is pointing into the stack for thread: 0x000001d263159cf0
RBP=0x00000004b1dfec40 is pointing into the stack for thread: 0x000001d263159cf0
RSI=0x0 is NULL
RDI=0x00000004b1dff250 is pointing into the stack for thread: 0x000001d263159cf0
R8 =0x0 is NULL
R9 =0x000001d262a0a3f8 is pointing into metadata
R10=0x00007ff9ef7b0000 jvm.dll
R11={method} {0x000001d262a0ad30} 'giocatela' '()V' in 'test/rsa/TestGCDArr'
R12=0x00007ff9ef7b0000 jvm.dll
R13=0x000001d262f2be10 points into unknown readable memory: 0x00000000999cf500 | 00 f5 9c 99 00 00 00 00
R14=0x000001d262a0ac57 is pointing into metadata
R15=0x0000000000000095 is an unknown value


Registers:
RAX=0x00000000001940e0, RBX=0x000001d262a0a3f8, RCX=0x000001d262a2caa0, RDX=0x000000000000ca06
RSP=0x00000004b1dfeb08, RBP=0x00000004b1dfec40, RSI=0x0000000000000000, RDI=0x00000004b1dff250
R8 =0x0000000000000000, R9 =0x000001d262a0a3f8, R10=0x00007ff9ef7b0000, R11=0x000001d262a0ad28
R12=0x00007ff9ef7b0000, R13=0x000001d262f2be10, R14=0x000001d262a0ac57, R15=0x0000000000000095
RIP=0x00007ff9ef9bdfe8, EFLAGS=0x0000000000010202

Top of Stack: (sp=0x00000004b1dfeb08)
0x00000004b1dfeb08:   00007ff9ef9be06e 0000000000000001
0x00000004b1dfeb18:   0000000000000000 00000008004000a0
0x00000004b1dfeb28:   0000000000000000 00000004b1dff0c0
0x00000004b1dfeb38:   00007ff9efaaf884 0000000000000001
0x00000004b1dfeb48:   0000000000000000 0000000000000000
0x00000004b1dfeb58:   0000000000000000 0000000000000000
0x00000004b1dfeb68:   0000000000000000 000001d26371cdd0
0x00000004b1dfeb78:   000000000000000d 0000000000000000
0x00000004b1dfeb88:   00000004b1dfebe0 0000000000000003
0x00000004b1dfeb98:   000001d26371cdd0 000000450000002e
0x00000004b1dfeba8:   0000000100000045 000000030000000d
0x00000004b1dfebb8:   00000008004000a0 0000000000000000
0x00000004b1dfebc8:   000000004600004f 0000000000000000
0x00000004b1dfebd8:   0000000000000000 4fffffff4fffffff
0x00000004b1dfebe8:   000000004fffffff 0000000000000000
0x00000004b1dfebf8:   0000000000000000 0000000000000000 

Instructions: (pc=0x00007ff9ef9bdfe8)
0x00007ff9ef9bdee8:   03 03 03 03 03 03 03 03 03 03 03 03 03 03 03 03
0x00007ff9ef9bdef8:   03 03 03 03 03 03 03 03 03 03 03 03 03 03 03 03
0x00007ff9ef9bdf08:   03 03 03 03 03 03 03 03 03 03 03 03 03 03 03 03
0x00007ff9ef9bdf18:   03 03 03 03 03 03 03 03 03 03 03 03 03 03 03 03
0x00007ff9ef9bdf28:   03 03 03 02 03 03 02 cc 48 89 5c 24 08 48 89 74
0x00007ff9ef9bdf38:   24 10 57 48 83 ec 20 48 63 da 41 0f b6 f0 48 8b
0x00007ff9ef9bdf48:   f9 85 d2 79 24 4c 8d 0d 1c 80 66 00 ba af 02 00
0x00007ff9ef9bdf58:   00 4c 8d 05 48 80 66 00 48 8d 0d c1 7f 66 00 e8
0x00007ff9ef9bdf68:   54 79 00 00 e8 8f ba 41 00 40 84 f6 75 18 48 8b
0x00007ff9ef9bdf78:   4f 10 48 85 c9 74 0f 48 8d 43 01 48 c1 e0 05 48
0x00007ff9ef9bdf88:   8b 04 08 0f b7 d8 48 8b 74 24 38 48 63 c3 48 8b
0x00007ff9ef9bdf98:   5c 24 30 0f b7 44 c7 48 48 83 c4 20 5f c3 cc cc
0x00007ff9ef9bdfa8:   cc cc cc cc cc cc cc cc 4c 8b c9 45 84 c0 75 41
0x00007ff9ef9bdfb8:   48 8b 49 10 48 85 c9 74 38 85 d2 79 19 f7 d2 8b
0x00007ff9ef9bdfc8:   c2 48 ff c0 48 c1 e0 05 48 8b 04 08 0f b7 c8 41
0x00007ff9ef9bdfd8:   0f b7 44 c9 4a c3 48 63 c2 48 ff c0 48 c1 e0 05
0x00007ff9ef9bdfe8:   48 8b 04 08 0f b7 d0 48 63 c2 41 0f b7 44 c1 4a
0x00007ff9ef9bdff8:   c3 49 8b 41 08 4c 63 c2 42 0f b6 44 00 04 8d 48
0x00007ff9ef9be008:   ef 80 f9 01 76 0e 3c 6a 74 0a 48 63 c2 41 0f b7
0x00007ff9ef9be018:   44 c1 4a c3 43 0f b7 44 c1 4a c3 cc cc cc cc cc
0x00007ff9ef9be028:   cc cc cc cc cc cc cc cc 40 53 48 83 ec 20 48 8b
0x00007ff9ef9be038:   d9 e8 72 ff ff ff 48 63 d0 0f b7 44 d3 48 48 8b
0x00007ff9ef9be048:   44 c3 48 48 83 c4 20 5b c3 cc cc cc cc cc cc cc
0x00007ff9ef9be058:   cc cc cc cc cc cc cc cc 40 53 48 83 ec 20 48 8b
0x00007ff9ef9be068:   d9 e8 42 ff ff ff 48 63 d0 0f b7 44 d3 4a 48 8b
0x00007ff9ef9be078:   44 c3 48 48 83 c4 20 5b c3 cc cc cc cc cc cc cc
0x00007ff9ef9be088:   cc cc cc cc cc cc cc cc 4c 8b d1 45 84 c9 75 28
0x00007ff9ef9be098:   4c 8b 49 10 4d 85 c9 74 1f 45 85 c0 79 08 41 f7
0x00007ff9ef9be0a8:   d0 41 8b c0 eb 03 49 63 c0 48 ff c0 48 c1 e0 05
0x00007ff9ef9be0b8:   4a 8b 04 08 44 0f b7 c0 49 8b 42 08 49 63 c8 0f
0x00007ff9ef9be0c8:   b6 4c 08 04 48 8b c2 88 0a c3 cc cc cc cc cc cc
0x00007ff9ef9be0d8:   cc cc cc cc cc cc cc cc 40 56 57 41 54 41 56 41 


Stack slot to memory mapping:
stack at sp + 0 slots: 0x00007ff9ef9be06e jvm.dll
stack at sp + 1 slots: 0x0000000000000001 is an unknown value
stack at sp + 2 slots: 0x0 is NULL
stack at sp + 3 slots: 0x00000008004000a0 is pointing into metadata
stack at sp + 4 slots: 0x0 is NULL
stack at sp + 5 slots: 0x00000004b1dff0c0 is pointing into the stack for thread: 0x000001d263159cf0
stack at sp + 6 slots: 0x00007ff9efaaf884 jvm.dll
stack at sp + 7 slots: 0x0000000000000001 is an unknown value


---------------  P R O C E S S  ---------------

Threads class SMR info:
_java_thread_list=0x000001d2638a48e0, length=15, elements={
0x000001d2223d61e0, 0x000001d261e1a550, 0x000001d261e1b8c0, 0x000001d261e2e2c0,
0x000001d262ed3f80, 0x000001d262ed5ff0, 0x000001d262ed8580, 0x000001d262ed98c0,
0x000001d262edab50, 0x000001d262ff6730, 0x000001d263159cf0, 0x000001d263192e80,
0x000001d263193700, 0x000001d2636d8150, 0x000001d263127790
}

Java Threads: ( => current thread )
  0x000001d2223d61e0 JavaThread "main" [_thread_blocked, id=22508, stack(0x00000004b0c00000,0x00000004b0d00000)]
  0x000001d261e1a550 JavaThread "Reference Handler" daemon [_thread_blocked, id=17512, stack(0x00000004b1300000,0x00000004b1400000)]
  0x000001d261e1b8c0 JavaThread "Finalizer" daemon [_thread_blocked, id=5936, stack(0x00000004b1400000,0x00000004b1500000)]
  0x000001d261e2e2c0 JavaThread "Signal Dispatcher" daemon [_thread_blocked, id=2904, stack(0x00000004b1500000,0x00000004b1600000)]
  0x000001d262ed3f80 JavaThread "Attach Listener" daemon [_thread_blocked, id=19464, stack(0x00000004b1600000,0x00000004b1700000)]
  0x000001d262ed5ff0 JavaThread "Service Thread" daemon [_thread_blocked, id=6120, stack(0x00000004b1700000,0x00000004b1800000)]
  0x000001d262ed8580 JavaThread "C2 CompilerThread0" daemon [_thread_blocked, id=11476, stack(0x00000004b1800000,0x00000004b1900000)]
  0x000001d262ed98c0 JavaThread "C1 CompilerThread0" daemon [_thread_blocked, id=19676, stack(0x00000004b1900000,0x00000004b1a00000)]
  0x000001d262edab50 JavaThread "Sweeper thread" daemon [_thread_blocked, id=4076, stack(0x00000004b1a00000,0x00000004b1b00000)]
  0x000001d262ff6730 JavaThread "Common-Cleaner" daemon [_thread_blocked, id=22712, stack(0x00000004b1b00000,0x00000004b1c00000)]
=>0x000001d263159cf0 JavaThread "JDWP Transport Listener: dt_socket" daemon [_thread_in_vm, id=5916, stack(0x00000004b1d00000,0x00000004b1e00000)]
  0x000001d263192e80 JavaThread "JDWP Event Helper Thread" daemon [_thread_blocked, id=13492, stack(0x00000004b1e00000,0x00000004b1f00000)]
  0x000001d263193700 JavaThread "JDWP Command Reader" daemon [_thread_in_native, id=14488, stack(0x00000004b1f00000,0x00000004b2000000)]
  0x000001d2636d8150 JavaThread "Notification Thread" daemon [_thread_blocked, id=16132, stack(0x00000004b2000000,0x00000004b2100000)]
  0x000001d263127790 JavaThread "ReaderThread" [_thread_in_native, id=21416, stack(0x00000004b2200000,0x00000004b2300000)]

Other Threads:
  0x000001d261e15510 VMThread "VM Thread" [stack: 0x00000004b1200000,0x00000004b1300000] [id=16680]
  0x000001d2636d8620 WatcherThread [stack: 0x00000004b2100000,0x00000004b2200000] [id=23524]
  0x000001d22248e780 GCTaskThread "GC Thread#0" [stack: 0x00000004b0d00000,0x00000004b0e00000] [id=11348]
  0x000001d263670ce0 GCTaskThread "GC Thread#1" [stack: 0x00000004b0900000,0x00000004b0a00000] [id=12532]
  0x000001d263672990 GCTaskThread "GC Thread#2" [stack: 0x00000004b0a00000,0x00000004b0b00000] [id=728]
  0x000001d263671340 GCTaskThread "GC Thread#3" [stack: 0x00000004b0b00000,0x00000004b0c00000] [id=5924]
  0x000001d263671670 GCTaskThread "GC Thread#4" [stack: 0x00000004b2400000,0x00000004b2500000] [id=18564]
  0x000001d2636719a0 GCTaskThread "GC Thread#5" [stack: 0x00000004b2500000,0x00000004b2600000] [id=14660]
  0x000001d263672330 GCTaskThread "GC Thread#6" [stack: 0x00000004b2600000,0x00000004b2700000] [id=16868]
  0x000001d26366fcf0 GCTaskThread "GC Thread#7" [stack: 0x00000004b2700000,0x00000004b2800000] [id=16064]
  0x000001d263670680 GCTaskThread "GC Thread#8" [stack: 0x00000004b2800000,0x00000004b2900000] [id=3588]
  0x000001d263671cd0 GCTaskThread "GC Thread#9" [stack: 0x00000004b2900000,0x00000004b2a00000] [id=11608]
  0x000001d2224a00f0 ConcurrentGCThread "G1 Main Marker" [stack: 0x00000004b0e00000,0x00000004b0f00000] [id=7300]
  0x000001d2224a1cf0 ConcurrentGCThread "G1 Conc#0" [stack: 0x00000004b0f00000,0x00000004b1000000] [id=1428]
  0x000001d261dad010 ConcurrentGCThread "G1 Refine#0" [stack: 0x00000004b1000000,0x00000004b1100000] [id=15296]
  0x000001d261dadc10 ConcurrentGCThread "G1 Young RemSet Sampling" [stack: 0x00000004b1100000,0x00000004b1200000] [id=12328]

Threads with active compile tasks:

VM state: not at safepoint (normal execution)

VM Mutex/Monitor currently owned by a thread: None

Heap address: 0x0000000080000000, size: 16320 MB, Compressed Oops mode: Zero based, Oop shift amount: 3
CDS archive(s) mapped at: [0x0000000800000000-0x0000000800b50000-0x0000000800b50000), size 11862016, SharedBaseAddress: 0x0000000800000000, ArchiveRelocationMode: 0.
Compressed class space mapped at: 0x0000000800b50000-0x0000000840b50000, size: 1073741824
Narrow klass base: 0x0000000800000000, Narrow klass shift: 3, Narrow klass range: 0x100000000

GC Precious Log:
 CPUs: 12 total, 12 available
 Memory: 65263M
 Large Page Support: Disabled
 NUMA Support: Disabled
 Compressed Oops: Enabled (Zero based)
 Heap Region Size: 8M
 Heap Min Capacity: 8M
 Heap Initial Capacity: 1G
 Heap Max Capacity: 16320M
 Pre-touch: Disabled
 Parallel Workers: 10
 Concurrent Workers: 3
 Concurrent Refinement Workers: 10
 Periodic GC: Disabled

Heap:
 garbage-first heap   total 1048576K, used 125525K [0x0000000080000000, 0x000000047c000000)
  region size 8192K, 17 young (139264K), 1 survivors (8192K)
 Metaspace       used 4543K, capacity 5535K, committed 5632K, reserved 1056768K
  class space    used 445K, capacity 499K, committed 512K, reserved 1048576K

Heap Regions: E=young(eden), S=young(survivor), O=old, HS=humongous(starts), HC=humongous(continues), CS=collection set, F=free, OA=open archive, CA=closed archive, TAMS=top-at-mark-start (previous, next)
|   0|0x0000000080000000, 0x0000000080000000, 0x0000000080800000|  0%| F|  |TAMS 0x0000000080000000, 0x0000000080000000| Untracked 
|   1|0x0000000080800000, 0x0000000080800000, 0x0000000081000000|  0%| F|  |TAMS 0x0000000080800000, 0x0000000080800000| Untracked 
|   2|0x0000000081000000, 0x0000000081000000, 0x0000000081800000|  0%| F|  |TAMS 0x0000000081000000, 0x0000000081000000| Untracked 
|   3|0x0000000081800000, 0x0000000081800000, 0x0000000082000000|  0%| F|  |TAMS 0x0000000081800000, 0x0000000081800000| Untracked 
|   4|0x0000000082000000, 0x0000000082000000, 0x0000000082800000|  0%| F|  |TAMS 0x0000000082000000, 0x0000000082000000| Untracked 
|   5|0x0000000082800000, 0x0000000082800000, 0x0000000083000000|  0%| F|  |TAMS 0x0000000082800000, 0x0000000082800000| Untracked 
|   6|0x0000000083000000, 0x0000000083000000, 0x0000000083800000|  0%| F|  |TAMS 0x0000000083000000, 0x0000000083000000| Untracked 
|   7|0x0000000083800000, 0x0000000083800000, 0x0000000084000000|  0%| F|  |TAMS 0x0000000083800000, 0x0000000083800000| Untracked 
|   8|0x0000000084000000, 0x0000000084000000, 0x0000000084800000|  0%| F|  |TAMS 0x0000000084000000, 0x0000000084000000| Untracked 
|   9|0x0000000084800000, 0x0000000084800000, 0x0000000085000000|  0%| F|  |TAMS 0x0000000084800000, 0x0000000084800000| Untracked 
|  10|0x0000000085000000, 0x0000000085000000, 0x0000000085800000|  0%| F|  |TAMS 0x0000000085000000, 0x0000000085000000| Untracked 
|  11|0x0000000085800000, 0x0000000085800000, 0x0000000086000000|  0%| F|  |TAMS 0x0000000085800000, 0x0000000085800000| Untracked 
|  12|0x0000000086000000, 0x0000000086000000, 0x0000000086800000|  0%| F|  |TAMS 0x0000000086000000, 0x0000000086000000| Untracked 
|  13|0x0000000086800000, 0x0000000086800000, 0x0000000087000000|  0%| F|  |TAMS 0x0000000086800000, 0x0000000086800000| Untracked 
|  14|0x0000000087000000, 0x0000000087000000, 0x0000000087800000|  0%| F|  |TAMS 0x0000000087000000, 0x0000000087000000| Untracked 
|  15|0x0000000087800000, 0x0000000087800000, 0x0000000088000000|  0%| F|  |TAMS 0x0000000087800000, 0x0000000087800000| Untracked 
|  16|0x0000000088000000, 0x0000000088000000, 0x0000000088800000|  0%| F|  |TAMS 0x0000000088000000, 0x0000000088000000| Untracked 
|  17|0x0000000088800000, 0x0000000088800000, 0x0000000089000000|  0%| F|  |TAMS 0x0000000088800000, 0x0000000088800000| Untracked 
|  18|0x0000000089000000, 0x0000000089000000, 0x0000000089800000|  0%| F|  |TAMS 0x0000000089000000, 0x0000000089000000| Untracked 
|  19|0x0000000089800000, 0x0000000089800000, 0x000000008a000000|  0%| F|  |TAMS 0x0000000089800000, 0x0000000089800000| Untracked 
|  20|0x000000008a000000, 0x000000008a000000, 0x000000008a800000|  0%| F|  |TAMS 0x000000008a000000, 0x000000008a000000| Untracked 
|  21|0x000000008a800000, 0x000000008a800000, 0x000000008b000000|  0%| F|  |TAMS 0x000000008a800000, 0x000000008a800000| Untracked 
|  22|0x000000008b000000, 0x000000008b000000, 0x000000008b800000|  0%| F|  |TAMS 0x000000008b000000, 0x000000008b000000| Untracked 
|  23|0x000000008b800000, 0x000000008b800000, 0x000000008c000000|  0%| F|  |TAMS 0x000000008b800000, 0x000000008b800000| Untracked 
|  24|0x000000008c000000, 0x000000008c000000, 0x000000008c800000|  0%| F|  |TAMS 0x000000008c000000, 0x000000008c000000| Untracked 
|  25|0x000000008c800000, 0x000000008c800000, 0x000000008d000000|  0%| F|  |TAMS 0x000000008c800000, 0x000000008c800000| Untracked 
|  26|0x000000008d000000, 0x000000008d000000, 0x000000008d800000|  0%| F|  |TAMS 0x000000008d000000, 0x000000008d000000| Untracked 
|  27|0x000000008d800000, 0x000000008d800000, 0x000000008e000000|  0%| F|  |TAMS 0x000000008d800000, 0x000000008d800000| Untracked 
|  28|0x000000008e000000, 0x000000008e000000, 0x000000008e800000|  0%| F|  |TAMS 0x000000008e000000, 0x000000008e000000| Untracked 
|  29|0x000000008e800000, 0x000000008e800000, 0x000000008f000000|  0%| F|  |TAMS 0x000000008e800000, 0x000000008e800000| Untracked 
|  30|0x000000008f000000, 0x000000008f000000, 0x000000008f800000|  0%| F|  |TAMS 0x000000008f000000, 0x000000008f000000| Untracked 
|  31|0x000000008f800000, 0x000000008f800000, 0x0000000090000000|  0%| F|  |TAMS 0x000000008f800000, 0x000000008f800000| Untracked 
|  32|0x0000000090000000, 0x0000000090000000, 0x0000000090800000|  0%| F|  |TAMS 0x0000000090000000, 0x0000000090000000| Untracked 
|  33|0x0000000090800000, 0x0000000090800000, 0x0000000091000000|  0%| F|  |TAMS 0x0000000090800000, 0x0000000090800000| Untracked 
|  34|0x0000000091000000, 0x0000000091000000, 0x0000000091800000|  0%| F|  |TAMS 0x0000000091000000, 0x0000000091000000| Untracked 
|  35|0x0000000091800000, 0x0000000091800000, 0x0000000092000000|  0%| F|  |TAMS 0x0000000091800000, 0x0000000091800000| Untracked 
|  36|0x0000000092000000, 0x0000000092000000, 0x0000000092800000|  0%| F|  |TAMS 0x0000000092000000, 0x0000000092000000| Untracked 
|  37|0x0000000092800000, 0x0000000092800000, 0x0000000093000000|  0%| F|  |TAMS 0x0000000092800000, 0x0000000092800000| Untracked 
|  38|0x0000000093000000, 0x0000000093000000, 0x0000000093800000|  0%| F|  |TAMS 0x0000000093000000, 0x0000000093000000| Untracked 
|  39|0x0000000093800000, 0x0000000093800000, 0x0000000094000000|  0%| F|  |TAMS 0x0000000093800000, 0x0000000093800000| Untracked 
|  40|0x0000000094000000, 0x0000000094000000, 0x0000000094800000|  0%| F|  |TAMS 0x0000000094000000, 0x0000000094000000| Untracked 
|  41|0x0000000094800000, 0x0000000094800000, 0x0000000095000000|  0%| F|  |TAMS 0x0000000094800000, 0x0000000094800000| Untracked 
|  42|0x0000000095000000, 0x0000000095000000, 0x0000000095800000|  0%| F|  |TAMS 0x0000000095000000, 0x0000000095000000| Untracked 
|  43|0x0000000095800000, 0x0000000095800000, 0x0000000096000000|  0%| F|  |TAMS 0x0000000095800000, 0x0000000095800000| Untracked 
|  44|0x0000000096000000, 0x0000000096000000, 0x0000000096800000|  0%| F|  |TAMS 0x0000000096000000, 0x0000000096000000| Untracked 
|  45|0x0000000096800000, 0x0000000096800000, 0x0000000097000000|  0%| F|  |TAMS 0x0000000096800000, 0x0000000096800000| Untracked 
|  46|0x0000000097000000, 0x0000000097000000, 0x0000000097800000|  0%| F|  |TAMS 0x0000000097000000, 0x0000000097000000| Untracked 
|  47|0x0000000097800000, 0x0000000097800000, 0x0000000098000000|  0%| F|  |TAMS 0x0000000097800000, 0x0000000097800000| Untracked 
|  48|0x0000000098000000, 0x0000000098000000, 0x0000000098800000|  0%| F|  |TAMS 0x0000000098000000, 0x0000000098000000| Untracked 
|  49|0x0000000098800000, 0x0000000098800000, 0x0000000099000000|  0%| F|  |TAMS 0x0000000098800000, 0x0000000098800000| Untracked 
|  50|0x0000000099000000, 0x0000000099000000, 0x0000000099800000|  0%| F|  |TAMS 0x0000000099000000, 0x0000000099000000| Untracked 
|  51|0x0000000099800000, 0x0000000099a95660, 0x000000009a000000| 32%| S|CS|TAMS 0x0000000099800000, 0x0000000099800000| Complete 
|  52|0x000000009a000000, 0x000000009a000000, 0x000000009a800000|  0%| F|  |TAMS 0x000000009a000000, 0x000000009a000000| Untracked 
|  53|0x000000009a800000, 0x000000009a800000, 0x000000009b000000|  0%| F|  |TAMS 0x000000009a800000, 0x000000009a800000| Untracked 
|  54|0x000000009b000000, 0x000000009b000000, 0x000000009b800000|  0%| F|  |TAMS 0x000000009b000000, 0x000000009b000000| Untracked 
|  55|0x000000009b800000, 0x000000009b800000, 0x000000009c000000|  0%| F|  |TAMS 0x000000009b800000, 0x000000009b800000| Untracked 
|  56|0x000000009c000000, 0x000000009c000000, 0x000000009c800000|  0%| F|  |TAMS 0x000000009c000000, 0x000000009c000000| Untracked 
|  57|0x000000009c800000, 0x000000009c800000, 0x000000009d000000|  0%| F|  |TAMS 0x000000009c800000, 0x000000009c800000| Untracked 
|  58|0x000000009d000000, 0x000000009d000000, 0x000000009d800000|  0%| F|  |TAMS 0x000000009d000000, 0x000000009d000000| Untracked 
|  59|0x000000009d800000, 0x000000009d800000, 0x000000009e000000|  0%| F|  |TAMS 0x000000009d800000, 0x000000009d800000| Untracked 
|  60|0x000000009e000000, 0x000000009e000000, 0x000000009e800000|  0%| F|  |TAMS 0x000000009e000000, 0x000000009e000000| Untracked 
|  61|0x000000009e800000, 0x000000009e800000, 0x000000009f000000|  0%| F|  |TAMS 0x000000009e800000, 0x000000009e800000| Untracked 
|  62|0x000000009f000000, 0x000000009f000000, 0x000000009f800000|  0%| F|  |TAMS 0x000000009f000000, 0x000000009f000000| Untracked 
|  63|0x000000009f800000, 0x000000009f800000, 0x00000000a0000000|  0%| F|  |TAMS 0x000000009f800000, 0x000000009f800000| Untracked 
|  64|0x00000000a0000000, 0x00000000a0000000, 0x00000000a0800000|  0%| F|  |TAMS 0x00000000a0000000, 0x00000000a0000000| Untracked 
|  65|0x00000000a0800000, 0x00000000a0800000, 0x00000000a1000000|  0%| F|  |TAMS 0x00000000a0800000, 0x00000000a0800000| Untracked 
|  66|0x00000000a1000000, 0x00000000a1000000, 0x00000000a1800000|  0%| F|  |TAMS 0x00000000a1000000, 0x00000000a1000000| Untracked 
|  67|0x00000000a1800000, 0x00000000a1800000, 0x00000000a2000000|  0%| F|  |TAMS 0x00000000a1800000, 0x00000000a1800000| Untracked 
|  68|0x00000000a2000000, 0x00000000a2000000, 0x00000000a2800000|  0%| F|  |TAMS 0x00000000a2000000, 0x00000000a2000000| Untracked 
|  69|0x00000000a2800000, 0x00000000a2800000, 0x00000000a3000000|  0%| F|  |TAMS 0x00000000a2800000, 0x00000000a2800000| Untracked 
|  70|0x00000000a3000000, 0x00000000a3000000, 0x00000000a3800000|  0%| F|  |TAMS 0x00000000a3000000, 0x00000000a3000000| Untracked 
|  71|0x00000000a3800000, 0x00000000a3800000, 0x00000000a4000000|  0%| F|  |TAMS 0x00000000a3800000, 0x00000000a3800000| Untracked 
|  72|0x00000000a4000000, 0x00000000a4000000, 0x00000000a4800000|  0%| F|  |TAMS 0x00000000a4000000, 0x00000000a4000000| Untracked 
|  73|0x00000000a4800000, 0x00000000a4800000, 0x00000000a5000000|  0%| F|  |TAMS 0x00000000a4800000, 0x00000000a4800000| Untracked 
|  74|0x00000000a5000000, 0x00000000a5000000, 0x00000000a5800000|  0%| F|  |TAMS 0x00000000a5000000, 0x00000000a5000000| Untracked 
|  75|0x00000000a5800000, 0x00000000a5800000, 0x00000000a6000000|  0%| F|  |TAMS 0x00000000a5800000, 0x00000000a5800000| Untracked 
|  76|0x00000000a6000000, 0x00000000a6000000, 0x00000000a6800000|  0%| F|  |TAMS 0x00000000a6000000, 0x00000000a6000000| Untracked 
|  77|0x00000000a6800000, 0x00000000a6800000, 0x00000000a7000000|  0%| F|  |TAMS 0x00000000a6800000, 0x00000000a6800000| Untracked 
|  78|0x00000000a7000000, 0x00000000a7000000, 0x00000000a7800000|  0%| F|  |TAMS 0x00000000a7000000, 0x00000000a7000000| Untracked 
|  79|0x00000000a7800000, 0x00000000a7800000, 0x00000000a8000000|  0%| F|  |TAMS 0x00000000a7800000, 0x00000000a7800000| Untracked 
|  80|0x00000000a8000000, 0x00000000a8000000, 0x00000000a8800000|  0%| F|  |TAMS 0x00000000a8000000, 0x00000000a8000000| Untracked 
|  81|0x00000000a8800000, 0x00000000a8800000, 0x00000000a9000000|  0%| F|  |TAMS 0x00000000a8800000, 0x00000000a8800000| Untracked 
|  82|0x00000000a9000000, 0x00000000a9000000, 0x00000000a9800000|  0%| F|  |TAMS 0x00000000a9000000, 0x00000000a9000000| Untracked 
|  83|0x00000000a9800000, 0x00000000a9800000, 0x00000000aa000000|  0%| F|  |TAMS 0x00000000a9800000, 0x00000000a9800000| Untracked 
|  84|0x00000000aa000000, 0x00000000aa000000, 0x00000000aa800000|  0%| F|  |TAMS 0x00000000aa000000, 0x00000000aa000000| Untracked 
|  85|0x00000000aa800000, 0x00000000aa800000, 0x00000000ab000000|  0%| F|  |TAMS 0x00000000aa800000, 0x00000000aa800000| Untracked 
|  86|0x00000000ab000000, 0x00000000ab000000, 0x00000000ab800000|  0%| F|  |TAMS 0x00000000ab000000, 0x00000000ab000000| Untracked 
|  87|0x00000000ab800000, 0x00000000ab800000, 0x00000000ac000000|  0%| F|  |TAMS 0x00000000ab800000, 0x00000000ab800000| Untracked 
|  88|0x00000000ac000000, 0x00000000ac000000, 0x00000000ac800000|  0%| F|  |TAMS 0x00000000ac000000, 0x00000000ac000000| Untracked 
|  89|0x00000000ac800000, 0x00000000ac800000, 0x00000000ad000000|  0%| F|  |TAMS 0x00000000ac800000, 0x00000000ac800000| Untracked 
|  90|0x00000000ad000000, 0x00000000ad000000, 0x00000000ad800000|  0%| F|  |TAMS 0x00000000ad000000, 0x00000000ad000000| Untracked 
|  91|0x00000000ad800000, 0x00000000ad800000, 0x00000000ae000000|  0%| F|  |TAMS 0x00000000ad800000, 0x00000000ad800000| Untracked 
|  92|0x00000000ae000000, 0x00000000ae000000, 0x00000000ae800000|  0%| F|  |TAMS 0x00000000ae000000, 0x00000000ae000000| Untracked 
|  93|0x00000000ae800000, 0x00000000ae800000, 0x00000000af000000|  0%| F|  |TAMS 0x00000000ae800000, 0x00000000ae800000| Untracked 
|  94|0x00000000af000000, 0x00000000af000000, 0x00000000af800000|  0%| F|  |TAMS 0x00000000af000000, 0x00000000af000000| Untracked 
|  95|0x00000000af800000, 0x00000000af800000, 0x00000000b0000000|  0%| F|  |TAMS 0x00000000af800000, 0x00000000af800000| Untracked 
|  96|0x00000000b0000000, 0x00000000b0000000, 0x00000000b0800000|  0%| F|  |TAMS 0x00000000b0000000, 0x00000000b0000000| Untracked 
|  97|0x00000000b0800000, 0x00000000b0800000, 0x00000000b1000000|  0%| F|  |TAMS 0x00000000b0800000, 0x00000000b0800000| Untracked 
|  98|0x00000000b1000000, 0x00000000b1000000, 0x00000000b1800000|  0%| F|  |TAMS 0x00000000b1000000, 0x00000000b1000000| Untracked 
|  99|0x00000000b1800000, 0x00000000b1800000, 0x00000000b2000000|  0%| F|  |TAMS 0x00000000b1800000, 0x00000000b1800000| Untracked 
| 100|0x00000000b2000000, 0x00000000b2000000, 0x00000000b2800000|  0%| F|  |TAMS 0x00000000b2000000, 0x00000000b2000000| Untracked 
| 101|0x00000000b2800000, 0x00000000b2800000, 0x00000000b3000000|  0%| F|  |TAMS 0x00000000b2800000, 0x00000000b2800000| Untracked 
| 102|0x00000000b3000000, 0x00000000b3000000, 0x00000000b3800000|  0%| F|  |TAMS 0x00000000b3000000, 0x00000000b3000000| Untracked 
| 103|0x00000000b3800000, 0x00000000b3800000, 0x00000000b4000000|  0%| F|  |TAMS 0x00000000b3800000, 0x00000000b3800000| Untracked 
| 104|0x00000000b4000000, 0x00000000b4000000, 0x00000000b4800000|  0%| F|  |TAMS 0x00000000b4000000, 0x00000000b4000000| Untracked 
| 105|0x00000000b4800000, 0x00000000b4800000, 0x00000000b5000000|  0%| F|  |TAMS 0x00000000b4800000, 0x00000000b4800000| Untracked 
| 106|0x00000000b5000000, 0x00000000b5000000, 0x00000000b5800000|  0%| F|  |TAMS 0x00000000b5000000, 0x00000000b5000000| Untracked 
| 107|0x00000000b5800000, 0x00000000b5800000, 0x00000000b6000000|  0%| F|  |TAMS 0x00000000b5800000, 0x00000000b5800000| Untracked 
| 108|0x00000000b6000000, 0x00000000b6000000, 0x00000000b6800000|  0%| F|  |TAMS 0x00000000b6000000, 0x00000000b6000000| Untracked 
| 109|0x00000000b6800000, 0x00000000b6800000, 0x00000000b7000000|  0%| F|  |TAMS 0x00000000b6800000, 0x00000000b6800000| Untracked 
| 110|0x00000000b7000000, 0x00000000b7000000, 0x00000000b7800000|  0%| F|  |TAMS 0x00000000b7000000, 0x00000000b7000000| Untracked 
| 111|0x00000000b7800000, 0x00000000b7800000, 0x00000000b8000000|  0%| F|  |TAMS 0x00000000b7800000, 0x00000000b7800000| Untracked 
| 112|0x00000000b8000000, 0x00000000b8400800, 0x00000000b8800000| 50%| E|  |TAMS 0x00000000b8000000, 0x00000000b8000000| Complete 
| 113|0x00000000b8800000, 0x00000000b9000000, 0x00000000b9000000|100%| E|CS|TAMS 0x00000000b8800000, 0x00000000b8800000| Complete 
| 114|0x00000000b9000000, 0x00000000b9800000, 0x00000000b9800000|100%| E|CS|TAMS 0x00000000b9000000, 0x00000000b9000000| Complete 
| 115|0x00000000b9800000, 0x00000000ba000000, 0x00000000ba000000|100%| E|CS|TAMS 0x00000000b9800000, 0x00000000b9800000| Complete 
| 116|0x00000000ba000000, 0x00000000ba800000, 0x00000000ba800000|100%| E|CS|TAMS 0x00000000ba000000, 0x00000000ba000000| Complete 
| 117|0x00000000ba800000, 0x00000000bb000000, 0x00000000bb000000|100%| E|CS|TAMS 0x00000000ba800000, 0x00000000ba800000| Complete 
| 118|0x00000000bb000000, 0x00000000bb800000, 0x00000000bb800000|100%| E|CS|TAMS 0x00000000bb000000, 0x00000000bb000000| Complete 
| 119|0x00000000bb800000, 0x00000000bc000000, 0x00000000bc000000|100%| E|CS|TAMS 0x00000000bb800000, 0x00000000bb800000| Complete 
| 120|0x00000000bc000000, 0x00000000bc800000, 0x00000000bc800000|100%| E|CS|TAMS 0x00000000bc000000, 0x00000000bc000000| Complete 
| 121|0x00000000bc800000, 0x00000000bd000000, 0x00000000bd000000|100%| E|CS|TAMS 0x00000000bc800000, 0x00000000bc800000| Complete 
| 122|0x00000000bd000000, 0x00000000bd800000, 0x00000000bd800000|100%| E|CS|TAMS 0x00000000bd000000, 0x00000000bd000000| Complete 
| 123|0x00000000bd800000, 0x00000000be000000, 0x00000000be000000|100%| E|CS|TAMS 0x00000000bd800000, 0x00000000bd800000| Complete 
| 124|0x00000000be000000, 0x00000000be800000, 0x00000000be800000|100%| E|CS|TAMS 0x00000000be000000, 0x00000000be000000| Complete 
| 125|0x00000000be800000, 0x00000000bf000000, 0x00000000bf000000|100%| E|CS|TAMS 0x00000000be800000, 0x00000000be800000| Complete 
| 126|0x00000000bf000000, 0x00000000bf800000, 0x00000000bf800000|100%| E|CS|TAMS 0x00000000bf000000, 0x00000000bf000000| Complete 
| 127|0x00000000bf800000, 0x00000000c0000000, 0x00000000c0000000|100%| E|CS|TAMS 0x00000000bf800000, 0x00000000bf800000| Complete 

Card table byte_map: [0x000001d23bb40000,0x000001d23db20000] _byte_map_base: 0x000001d23b740000

Marking Bits (Prev, Next): (CMBitMap*) 0x000001d22248eff0, (CMBitMap*) 0x000001d22248f030
 Prev Bits: [0x000001d23fb00000, 0x000001d24fa00000)
 Next Bits: [0x000001d24fa00000, 0x000001d25f900000)

Polling page: 0x000001d2203e0000

Metaspace:

Usage:
  Non-class:      4.92 MB capacity,     4.00 MB ( 81%) used,   935.20 KB ( 19%) free+waste,     2.38 KB ( <1%) overhead. 
      Class:    499.00 KB capacity,   445.16 KB ( 89%) used,    52.72 KB ( 11%) free+waste,     1.12 KB ( <1%) overhead. 
       Both:      5.41 MB capacity,     4.44 MB ( 82%) used,   987.91 KB ( 18%) free+waste,     3.50 KB ( <1%) overhead. 

Virtual space:
  Non-class space:        8.00 MB reserved,       5.00 MB ( 62%) committed 
      Class space:        1.00 GB reserved,     512.00 KB ( <1%) committed 
             Both:        1.01 GB reserved,       5.50 MB ( <1%) committed 

Chunk freelists:
   Non-Class:  20.00 KB
       Class:  13.00 KB
        Both:  33.00 KB

MaxMetaspaceSize: 17179869184.00 GB
CompressedClassSpaceSize: 1.00 GB

CodeHeap 'non-profiled nmethods': size=120000Kb used=259Kb max_used=259Kb free=119740Kb
 bounds [0x000001d2320e0000, 0x000001d232350000, 0x000001d239610000]
CodeHeap 'profiled nmethods': size=120000Kb used=1313Kb max_used=1313Kb free=118686Kb
 bounds [0x000001d22abb0000, 0x000001d22ae20000, 0x000001d2320e0000]
CodeHeap 'non-nmethods': size=5760Kb used=1237Kb max_used=1258Kb free=4522Kb
 bounds [0x000001d22a610000, 0x000001d22a880000, 0x000001d22abb0000]
 total_blobs=1144 nmethods=742 adapters=315
 compilation: enabled
              stopped_count=0, restarted_count=0
 full_count=0

Compilation events (20 events):
Event: 0.343 Thread 0x000001d262ed98c0  734       3       org.eclipse.jdt.launching.internal.org.objectweb.asm.ByteVector::putUTF8 (144 bytes)
Event: 0.343 Thread 0x000001d262ed98c0 nmethod 734 0x000001d22acee490 code [0x000001d22acee700, 0x000001d22acef228]
Event: 0.343 Thread 0x000001d262ed98c0  736       1       java.util.jar.Manifest::getMainAttributes (5 bytes)
Event: 0.343 Thread 0x000001d262ed98c0 nmethod 736 0x000001d23211ed10 code [0x000001d23211eea0, 0x000001d23211ef58]
Event: 0.343 Thread 0x000001d262ed8580 nmethod 735 0x000001d23211f010 code [0x000001d23211f1a0, 0x000001d23211f3a8]
Event: 0.344 Thread 0x000001d262ed98c0  737       3       java.util.ArrayDeque::inc (12 bytes)
Event: 0.344 Thread 0x000001d262ed98c0 nmethod 737 0x000001d22acef790 code [0x000001d22acef920, 0x000001d22acefa38]
Event: 0.344 Thread 0x000001d262ed98c0  739       3       org.eclipse.jdt.launching.internal.org.objectweb.asm.ByteVector::enlarge (51 bytes)
Event: 0.344 Thread 0x000001d262ed98c0 nmethod 739 0x000001d22acefb10 code [0x000001d22acefcc0, 0x000001d22aceffe8]
Event: 0.344 Thread 0x000001d262ed98c0  738       3       org.eclipse.jdt.launching.internal.org.objectweb.asm.ClassVisitor::<init> (94 bytes)
Event: 0.344 Thread 0x000001d262ed98c0 nmethod 738 0x000001d22acf0110 code [0x000001d22acf0360, 0x000001d22acf0c88]
Event: 0.344 Thread 0x000001d262ed98c0  740       1       org.eclipse.jdt.launching.internal.org.objectweb.asm.SymbolTable::getConstantPoolCount (5 bytes)
Event: 0.344 Thread 0x000001d262ed98c0 nmethod 740 0x000001d23211f510 code [0x000001d23211f6a0, 0x000001d23211f758]
Event: 0.345 Thread 0x000001d263069090 nmethod 719 0x000001d23211f810 code [0x000001d23211f9e0, 0x000001d2321208b8]
Event: 7.415 Thread 0x000001d262ed98c0  741       3       java.io.RandomAccessFile::readFully (45 bytes)
Event: 7.415 Thread 0x000001d262ed98c0 nmethod 741 0x000001d22acf0f90 code [0x000001d22acf1160, 0x000001d22acf14d8]
Event: 7.415 Thread 0x000001d262ed98c0  742       3       org.eclipse.jdt.launching.internal.org.objectweb.asm.ClassWriter::toByteArray (1535 bytes)
Event: 7.427 Thread 0x000001d262ed98c0 nmethod 742 0x000001d22acf1690 code [0x000001d22acf1fc0, 0x000001d22acf61f8]
Event: 306.263 Thread 0x000001d262ed98c0  743       3       org.eclipse.jdt.launching.internal.org.objectweb.asm.AnnotationWriter::putAnnotations (67 bytes)
Event: 306.272 Thread 0x000001d262ed98c0 


GC Heap History (12 events):
Event: 65.409 GC heap before
{Heap before GC invocations=0 (full 0):
 garbage-first heap   total 1048576K, used 49152K [0x0000000080000000, 0x000000047c000000)
  region size 8192K, 6 young (49152K), 0 survivors (0K)
 Metaspace       used 4508K, capacity 5471K, committed 5632K, reserved 1056768K
  class space    used 443K, capacity 499K, committed 512K, reserved 1048576K
}
Event: 65.414 GC heap after
{Heap after GC invocations=1 (full 0):
 garbage-first heap   total 1048576K, used 2496K [0x0000000080000000, 0x000000047c000000)
  region size 8192K, 1 young (8192K), 1 survivors (8192K)
 Metaspace       used 4508K, capacity 5471K, committed 5632K, reserved 1056768K
  class space    used 443K, capacity 499K, committed 512K, reserved 1048576K
}
Event: 68.392 GC heap before
{Heap before GC invocations=1 (full 0):
 garbage-first heap   total 1048576K, used 51648K [0x0000000080000000, 0x000000047c000000)
  region size 8192K, 7 young (57344K), 1 survivors (8192K)
 Metaspace       used 4508K, capacity 5471K, committed 5632K, reserved 1056768K
  class space    used 443K, capacity 499K, committed 512K, reserved 1048576K
}
Event: 68.395 GC heap after
{Heap after GC invocations=2 (full 0):
 garbage-first heap   total 1048576K, used 2625K [0x0000000080000000, 0x000000047c000000)
  region size 8192K, 1 young (8192K), 1 survivors (8192K)
 Metaspace       used 4508K, capacity 5471K, committed 5632K, reserved 1056768K
  class space    used 443K, capacity 499K, committed 512K, reserved 1048576K
}
Event: 70.371 GC heap before
{Heap before GC invocations=2 (full 0):
 garbage-first heap   total 1048576K, used 109121K [0x0000000080000000, 0x000000047c000000)
  region size 8192K, 14 young (114688K), 1 survivors (8192K)
 Metaspace       used 4508K, capacity 5471K, committed 5632K, reserved 1056768K
  class space    used 443K, capacity 499K, committed 512K, reserved 1048576K
}
Event: 70.375 GC heap after
{Heap after GC invocations=3 (full 0):
 garbage-first heap   total 1048576K, used 2679K [0x0000000080000000, 0x000000047c000000)
  region size 8192K, 1 young (8192K), 1 survivors (8192K)
 Metaspace       used 4508K, capacity 5471K, committed 5632K, reserved 1056768K
  class space    used 443K, capacity 499K, committed 512K, reserved 1048576K
}
Event: 81.901 GC heap before
{Heap before GC invocations=3 (full 0):
 garbage-first heap   total 1048576K, used 617079K [0x0000000080000000, 0x000000047c000000)
  region size 8192K, 76 young (622592K), 1 survivors (8192K)
 Metaspace       used 4508K, capacity 5471K, committed 5632K, reserved 1056768K
  class space    used 443K, capacity 499K, committed 512K, reserved 1048576K
}
Event: 81.905 GC heap after
{Heap after GC invocations=4 (full 0):
 garbage-first heap   total 1048576K, used 2624K [0x0000000080000000, 0x000000047c000000)
  region size 8192K, 1 young (8192K), 1 survivors (8192K)
 Metaspace       used 4508K, capacity 5471K, committed 5632K, reserved 1056768K
  class space    used 443K, capacity 499K, committed 512K, reserved 1048576K
}
Event: 93.102 GC heap before
{Heap before GC invocations=4 (full 0):
 garbage-first heap   total 1048576K, used 617024K [0x0000000080000000, 0x000000047c000000)
  region size 8192K, 76 young (622592K), 1 survivors (8192K)
 Metaspace       used 4508K, capacity 5471K, committed 5632K, reserved 1056768K
  class space    used 443K, capacity 499K, committed 512K, reserved 1048576K
}
Event: 93.106 GC heap after
{Heap after GC invocations=5 (full 0):
 garbage-first heap   total 1048576K, used 2720K [0x0000000080000000, 0x000000047c000000)
  region size 8192K, 1 young (8192K), 1 survivors (8192K)
 Metaspace       used 4508K, capacity 5471K, committed 5632K, reserved 1056768K
  class space    used 443K, capacity 499K, committed 512K, reserved 1048576K
}
Event: 105.113 GC heap before
{Heap before GC invocations=5 (full 0):
 garbage-first heap   total 1048576K, used 617120K [0x0000000080000000, 0x000000047c000000)
  region size 8192K, 76 young (622592K), 1 survivors (8192K)
 Metaspace       used 4508K, capacity 5471K, committed 5632K, reserved 1056768K
  class space    used 443K, capacity 499K, committed 512K, reserved 1048576K
}
Event: 105.117 GC heap after
{Heap after GC invocations=6 (full 0):
 garbage-first heap   total 1048576K, used 2645K [0x0000000080000000, 0x000000047c000000)
  region size 8192K, 1 young (8192K), 1 survivors (8192K)
 Metaspace       used 4508K, capacity 5471K, committed 5632K, reserved 1056768K
  class space    used 443K, capacity 499K, committed 512K, reserved 1048576K
}

Deoptimization events (20 events):
Event: 0.325 Thread 0x000001d2223d61e0 DEOPT PACKING pc=0x000001d232106cc4 sp=0x00000004b0cfe210
Event: 0.325 Thread 0x000001d2223d61e0 DEOPT UNPACKING pc=0x000001d22a65e42f sp=0x00000004b0cfe180 mode 2
Event: 0.327 Thread 0x000001d2223d61e0 Uncommon trap: trap_request=0xffffff45 fr.pc=0x000001d23210ebb0 relative=0x0000000000000870
Event: 0.327 Thread 0x000001d2223d61e0 Uncommon trap: reason=unstable_if action=reinterpret pc=0x000001d23210ebb0 method=org.eclipse.jdt.launching.internal.org.objectweb.asm.ClassReader.readUtf(II[C)Ljava/lang/String; @ 41 c2
Event: 0.327 Thread 0x000001d2223d61e0 DEOPT PACKING pc=0x000001d23210ebb0 sp=0x00000004b0cfc1d0
Event: 0.327 Thread 0x000001d2223d61e0 DEOPT UNPACKING pc=0x000001d22a65e42f sp=0x00000004b0cfc148 mode 2
Event: 0.327 Thread 0x000001d2223d61e0 Uncommon trap: trap_request=0xffffff45 fr.pc=0x000001d23210ae2c relative=0x000000000000046c
Event: 0.327 Thread 0x000001d2223d61e0 Uncommon trap: reason=unstable_if action=reinterpret pc=0x000001d23210ae2c method=org.eclipse.jdt.launching.internal.org.objectweb.asm.ClassReader.readUtf(II[C)Ljava/lang/String; @ 41 c2
Event: 0.327 Thread 0x000001d2223d61e0 DEOPT PACKING pc=0x000001d23210ae2c sp=0x00000004b0cfc170
Event: 0.327 Thread 0x000001d2223d61e0 DEOPT UNPACKING pc=0x000001d22a65e42f sp=0x00000004b0cfc138 mode 2
Event: 0.327 Thread 0x000001d2223d61e0 Uncommon trap: trap_request=0xffffff45 fr.pc=0x000001d2320e6d60 relative=0x0000000000000240
Event: 0.327 Thread 0x000001d2223d61e0 Uncommon trap: reason=unstable_if action=reinterpret pc=0x000001d2320e6d60 method=java.lang.String.isLatin1()Z @ 10 c2
Event: 0.327 Thread 0x000001d2223d61e0 DEOPT PACKING pc=0x000001d2320e6d60 sp=0x00000004b0cfc240
Event: 0.327 Thread 0x000001d2223d61e0 DEOPT UNPACKING pc=0x000001d22a65e42f sp=0x00000004b0cfc170 mode 2
Event: 0.329 Thread 0x000001d2223d61e0 Uncommon trap: trap_request=0xffffff45 fr.pc=0x000001d2320f51c4 relative=0x0000000000000044
Event: 0.329 Thread 0x000001d2223d61e0 Uncommon trap: reason=unstable_if action=reinterpret pc=0x000001d2320f51c4 method=java.lang.CharacterData.of(I)Ljava/lang/CharacterData; @ 4 c2
Event: 0.329 Thread 0x000001d2223d61e0 DEOPT PACKING pc=0x000001d2320f51c4 sp=0x00000004b0cfe270
Event: 0.329 Thread 0x000001d2223d61e0 DEOPT UNPACKING pc=0x000001d22a65e42f sp=0x00000004b0cfe210 mode 2
Event: 0.336 Thread 0x000001d2223d61e0 DEOPT PACKING pc=0x000001d22acde973 sp=0x00000004b0cf9e70
Event: 0.336 Thread 0x000001d2223d61e0 DEOPT UNPACKING pc=0x000001d22a65e23f sp=0x00000004b0cf92d0 mode 0

Classes unloaded (0 events):
No events

Classes redefined (4 events):
Event: 306.266 Thread 0x000001d261e15510 redefined class name=test.rsa.TestGCDArr, count=1
Event: 537.452 Thread 0x000001d261e15510 redefined class name=test.rsa.TestGCDArr, count=2
Event: 1451.994 Thread 0x000001d261e15510 redefined class name=test.rsa.TestGCDArr, count=3
Event: 1500.876 Thread 0x000001d261e15510 redefined class name=test.rsa.TestGCDArr, count=4

Internal exceptions (7 events):
Event: 0.141 Thread 0x000001d2223d61e0 Exception <a 'java/lang/NoSuchMethodError'{0x00000000bfd91378}: 'void java.lang.invoke.DirectMethodHandle$Holder.invokeStatic(java.lang.Object, java.lang.Object)'> (0x00000000bfd91378) 
thrown [./open/src/hotspot/share/interpreter/linkResolver.cpp, line 782]
Event: 0.141 Thread 0x000001d2223d61e0 Exception <a 'java/lang/NoSuchMethodError'{0x00000000bfd95020}: 'void java.lang.invoke.DirectMethodHandle$Holder.invokeStaticInit(java.lang.Object, java.lang.Object)'> (0x00000000bfd95020) 
thrown [./open/src/hotspot/share/interpreter/linkResolver.cpp, line 782]
Event: 0.192 Thread 0x000001d2223d61e0 Exception <a 'java/lang/NoSuchMethodError'{0x00000000bff35560}: 'java.lang.Object java.lang.invoke.DirectMethodHandle$Holder.invokeStatic(java.lang.Object)'> (0x00000000bff35560) 
thrown [./open/src/hotspot/share/interpreter/linkResolver.cpp, line 782]
Event: 0.245 Thread 0x000001d2223d61e0 Exception <a 'java/lang/NoSuchMethodError'{0x00000000bf111128}: 'java.lang.Object java.lang.invoke.DirectMethodHandle$Holder.invokeStaticInit(java.lang.Object)'> (0x00000000bf111128) 
thrown [./open/src/hotspot/share/interpreter/linkResolver.cpp, line 782]
Event: 0.294 Thread 0x000001d2223d61e0 Exception <a 'java/lang/NoSuchMethodError'{0x00000000bf4fdf80}: 'java.lang.Object java.lang.invoke.DirectMethodHandle$Holder.invokeInterface(java.lang.Object, java.lang.Object)'> (0x00000000bf4fdf80) 
thrown [./open/src/hotspot/share/interpreter/linkResolver.cpp, line 782]
Event: 0.294 Thread 0x000001d2223d61e0 Exception <a 'java/lang/IncompatibleClassChangeError'{0x00000000bf501978}: Found class java.lang.Object, but interface was expected> (0x00000000bf501978) 
thrown [./open/src/hotspot/share/interpreter/linkResolver.cpp, line 848]
Event: 0.311 Thread 0x000001d2223d61e0 Exception <a 'java/lang/NoSuchMethodError'{0x00000000bf5d6548}: 'java.lang.Object java.lang.invoke.DirectMethodHandle$Holder.newInvokeSpecial(java.lang.Object, java.lang.Object, java.lang.Object, java.lang.Object, java.lang.Object)'> (0x00000000bf5d6548) 
thrown [./open/src/hotspot/share/interpreter/linkResolver.cpp, line 782]

Events (20 events):
Event: 1500.899 Executing VM operation: ChangeBreakpoints
Event: 1500.900 Executing VM operation: ChangeBreakpoints done
Event: 1500.906 Executing VM operation: ChangeBreakpoints
Event: 1500.906 Executing VM operation: ChangeBreakpoints done
Event: 1500.908 Executing VM operation: GetFrameCount
Event: 1500.908 Executing VM operation: GetFrameCount done
Event: 1500.908 Executing VM operation: GetStackTrace
Event: 1500.908 Executing VM operation: GetStackTrace done
Event: 1500.909 Executing VM operation: GetFrameCount
Event: 1500.909 Executing VM operation: GetFrameCount done
Event: 1500.909 Executing VM operation: SetFramePop
Event: 1500.909 Executing VM operation: SetFramePop done
Event: 1500.909 Executing VM operation: GetFrameLocation
Event: 1500.909 Executing VM operation: GetFrameLocation done
Event: 1500.909 Executing VM operation: GetCurrentLocation
Event: 1500.909 Executing VM operation: GetCurrentLocation done
Event: 1500.909 Executing VM operation: ChangeSingleStep
Event: 1500.910 Executing VM operation: ChangeSingleStep done
Event: 1500.910 Executing VM operation: GetFrameLocation
Event: 1500.910 Executing VM operation: GetFrameLocation done


Dynamic libraries:
0x00007ff773bb0000 - 0x00007ff773bbf000 	C:\Program Files\Java\jdk-15\bin\javaw.exe
0x00007ffa557d0000 - 0x00007ffa559c5000 	C:\WINDOWS\SYSTEM32\ntdll.dll
0x00007ffa55510000 - 0x00007ffa555ce000 	C:\WINDOWS\System32\KERNEL32.DLL
0x00007ffa52ff0000 - 0x00007ffa532b9000 	C:\WINDOWS\System32\KERNELBASE.dll
0x00007ffa52ec0000 - 0x00007ffa52fc0000 	C:\WINDOWS\System32\ucrtbase.dll
0x00007ffa4cc50000 - 0x00007ffa4cc68000 	C:\Program Files\Java\jdk-15\bin\jli.dll
0x00007ffa4ad80000 - 0x00007ffa4ad99000 	C:\Program Files\Java\jdk-15\bin\VCRUNTIME140.dll
0x00007ffa54750000 - 0x00007ffa547fc000 	C:\WINDOWS\System32\ADVAPI32.dll
0x00007ffa55660000 - 0x00007ffa556fe000 	C:\WINDOWS\System32\msvcrt.dll
0x00007ffa546b0000 - 0x00007ffa5474b000 	C:\WINDOWS\System32\sechost.dll
0x00007ffa543d0000 - 0x00007ffa544fa000 	C:\WINDOWS\System32\RPCRT4.dll
0x00007ffa54220000 - 0x00007ffa543c1000 	C:\WINDOWS\System32\USER32.dll
0x00007ffa52fc0000 - 0x00007ffa52fe2000 	C:\WINDOWS\System32\win32u.dll
0x00007ffa47500000 - 0x00007ffa4779a000 	C:\WINDOWS\WinSxS\amd64_microsoft.windows.common-controls_6595b64144ccf1df_6.0.19041.1110_none_60b5254171f9507e\COMCTL32.dll
0x00007ffa54100000 - 0x00007ffa5412b000 	C:\WINDOWS\System32\GDI32.dll
0x00007ffa53580000 - 0x00007ffa5368b000 	C:\WINDOWS\System32\gdi32full.dll
0x00007ffa53370000 - 0x00007ffa5340d000 	C:\WINDOWS\System32\msvcp_win.dll
0x00007ffa4e140000 - 0x00007ffa4e14a000 	C:\WINDOWS\SYSTEM32\VERSION.dll
0x00007ffa55180000 - 0x00007ffa551b0000 	C:\WINDOWS\System32\IMM32.DLL
0x00007ffa4e1e0000 - 0x00007ffa4e1ec000 	C:\Program Files\Java\jdk-15\bin\vcruntime140_1.dll
0x00007ffa0c2a0000 - 0x00007ffa0c331000 	C:\Program Files\Java\jdk-15\bin\msvcp140.dll
0x00007ff9ef7b0000 - 0x00007ff9f030c000 	C:\Program Files\Java\jdk-15\bin\server\jvm.dll
0x00007ffa537f0000 - 0x00007ffa537f8000 	C:\WINDOWS\System32\PSAPI.DLL
0x00007ffa40180000 - 0x00007ffa40189000 	C:\WINDOWS\SYSTEM32\WSOCK32.dll
0x00007ffa472b0000 - 0x00007ffa472d7000 	C:\WINDOWS\SYSTEM32\WINMM.dll
0x00007ffa54f40000 - 0x00007ffa54fab000 	C:\WINDOWS\System32\WS2_32.dll
0x00007ffa51760000 - 0x00007ffa51772000 	C:\WINDOWS\SYSTEM32\kernel.appcore.dll
0x00007ffa4e0a0000 - 0x00007ffa4e0aa000 	C:\Program Files\Java\jdk-15\bin\jimage.dll
0x00007ffa50db0000 - 0x00007ffa50f94000 	C:\WINDOWS\SYSTEM32\DBGHELP.DLL
0x00007ffa4b710000 - 0x00007ffa4b73c000 	C:\WINDOWS\SYSTEM32\dbgcore.DLL
0x00007ffa534c0000 - 0x00007ffa53543000 	C:\WINDOWS\System32\bcryptPrimitives.dll
0x00007ffa4c7d0000 - 0x00007ffa4c809000 	C:\Program Files\Java\jdk-15\bin\jdwp.dll
0x00007ffa4ddc0000 - 0x00007ffa4ddce000 	C:\Program Files\Java\jdk-15\bin\instrument.dll
0x00007ffa47f10000 - 0x00007ffa47f35000 	C:\Program Files\Java\jdk-15\bin\java.dll
0x00007ffa54800000 - 0x00007ffa54f3f000 	C:\WINDOWS\System32\SHELL32.dll
0x00007ffa50fc0000 - 0x00007ffa51750000 	C:\WINDOWS\SYSTEM32\windows.storage.dll
0x00007ffa551b0000 - 0x00007ffa55505000 	C:\WINDOWS\System32\combase.dll
0x00007ffa52910000 - 0x00007ffa5293c000 	C:\WINDOWS\SYSTEM32\Wldp.dll
0x00007ffa54fb0000 - 0x00007ffa5505e000 	C:\WINDOWS\System32\SHCORE.dll
0x00007ffa54140000 - 0x00007ffa54195000 	C:\WINDOWS\System32\shlwapi.dll
0x00007ffa52e00000 - 0x00007ffa52e1f000 	C:\WINDOWS\SYSTEM32\profapi.dll
0x00007ffa4e0d0000 - 0x00007ffa4e0db000 	C:\Program Files\Java\jdk-15\bin\dt_socket.dll
0x00007ffa52310000 - 0x00007ffa5234b000 	C:\WINDOWS\SYSTEM32\IPHLPAPI.DLL
0x00007ffa52670000 - 0x00007ffa526da000 	C:\WINDOWS\system32\mswsock.dll
0x00007ffa52350000 - 0x00007ffa5241c000 	C:\WINDOWS\SYSTEM32\DNSAPI.dll
0x00007ffa54130000 - 0x00007ffa54138000 	C:\WINDOWS\System32\NSI.dll
0x00007ffa49320000 - 0x00007ffa4932a000 	C:\Windows\System32\rasadhlp.dll
0x00007ffa487e0000 - 0x00007ffa4885f000 	C:\WINDOWS\System32\fwpuclnt.dll
0x00007ffa53550000 - 0x00007ffa53577000 	C:\WINDOWS\System32\bcrypt.dll
0x00007ffa47cd0000 - 0x00007ffa47ce8000 	C:\Program Files\Java\jdk-15\bin\zip.dll
0x00007ffa46b80000 - 0x00007ffa46b99000 	C:\Program Files\Java\jdk-15\bin\net.dll
0x00007ffa49050000 - 0x00007ffa49158000 	C:\WINDOWS\SYSTEM32\WINHTTP.dll
0x00007ffa46b60000 - 0x00007ffa46b72000 	C:\Program Files\Java\jdk-15\bin\nio.dll
0x00007ffa4cc40000 - 0x00007ffa4cc50000 	C:\Program Files\Java\jdk-15\bin\verify.dll
0x00007ffa4c540000 - 0x00007ffa4c557000 	C:\WINDOWS\SYSTEM32\dhcpcsvc6.DLL
0x00007ffa4c520000 - 0x00007ffa4c53d000 	C:\WINDOWS\SYSTEM32\dhcpcsvc.DLL

dbghelp: loaded successfully - version: 4.0.5 - missing functions: none
symbol engine: initialized successfully - sym options: 0x614 - pdb path: .;C:\Program Files\Java\jdk-15\bin;C:\WINDOWS\SYSTEM32;C:\WINDOWS\WinSxS\amd64_microsoft.windows.common-controls_6595b64144ccf1df_6.0.19041.1110_none_60b5254171f9507e;C:\Program Files\Java\jdk-15\bin\server

VM Arguments:
jvm_args: -XX:+ShowCodeDetailsInExceptionMessages -agentlib:jdwp=transport=dt_socket,suspend=y,address=localhost:50869 -ea -javaagent:C:\winapp\java64\jee-2021-03\eclipse\configuration\org.eclipse.osgi\1076\0\.cp\lib\javaagent-shaded.jar -Dfile.encoding=UTF-8 
java_command: org.eclipse.jdt.internal.junit.runner.RemoteTestRunner -version 3 -port 50868 -testLoaderClass org.eclipse.jdt.internal.junit4.runner.JUnit4TestLoader -loaderpluginname org.eclipse.jdt.junit4.runtime -classNames test.rsa.TestGCDArr
java_class_path (initial): C:\java\photon\rsa\target\test-classes;C:\java\photon\rsa\target\classes;C:\Users\clage\.m2\repository\org\netbeans\absolutelayout\1.0\absolutelayout-1.0.jar;C:\Users\clage\.m2\repository\org\projectlombok\lombok\1.18.16\lombok-1.18.16.jar;C:\Users\clage\.m2\repository\org\jdesktop\swing-layout\1.0.3\swing-layout-1.0.3.jar;C:\Users\clage\.m2\repository\org\apache\commons\commons-lang3\3.12.0\commons-lang3-3.12.0.jar;C:\Users\clage\.m2\repository\org\jdom\jdom\1.1.2\jdom-1.1.2.jar;C:\Users\clage\.m2\repository\jaxen\jaxen\1.1.3\jaxen-1.1.3.jar;C:\Users\clage\.m2\repository\xml-apis\xml-apis\1.3.02\xml-apis-1.3.02.jar;C:\Users\clage\.m2\repository\xerces\xercesImpl\2.6.2\xercesImpl-2.6.2.jar;C:\Users\clage\.m2\repository\junit\junit\4.12\junit-4.12.jar;C:\Users\clage\.m2\repository\org\hamcrest\hamcrest-core\1.3\hamcrest-core-1.3.jar;C:\Users\clage\.m2\repository\org\apache\logging\log4j\log4j-api\2.14.0\log4j-api-2.14.0.jar;C:\Users\clage\.m2\repository\org\apache\logging\log4j\log4j-core\2.14.0\log4j-core-2.14.0.jar;C:\winapp\java64\jee-2021-03\eclipse\configuration\org.eclipse.osgi\1074\0\.cp;C:\winapp\java64\jee-2021-03\eclipse\configuration\org.eclipse.osgi\1073\0\.cp
Launcher Type: SUN_STANDARD

[Global flags]
     intx CICompilerCount                          = 4                                         {product} {ergonomic}
     uint ConcGCThreads                            = 3                                         {product} {ergonomic}
     uint G1ConcRefinementThreads                  = 10                                        {product} {ergonomic}
   size_t G1HeapRegionSize                         = 8388608                                   {product} {ergonomic}
    uintx GCDrainStackTargetSize                   = 64                                        {product} {ergonomic}
   size_t InitialHeapSize                          = 1073741824                                {product} {ergonomic}
   size_t MarkStackSize                            = 4194304                                   {product} {ergonomic}
   size_t MaxHeapSize                              = 17112760320                               {product} {ergonomic}
   size_t MaxNewSize                               = 10267656192                               {product} {ergonomic}
   size_t MinHeapDeltaBytes                        = 8388608                                   {product} {ergonomic}
   size_t MinHeapSize                              = 8388608                                   {product} {ergonomic}
    uintx NonNMethodCodeHeapSize                   = 5839372                                {pd product} {ergonomic}
    uintx NonProfiledCodeHeapSize                  = 122909434                              {pd product} {ergonomic}
    uintx ProfiledCodeHeapSize                     = 122909434                              {pd product} {ergonomic}
    uintx ReservedCodeCacheSize                    = 251658240                              {pd product} {ergonomic}
     bool SegmentedCodeCache                       = true                                      {product} {ergonomic}
     bool ShowCodeDetailsInExceptionMessages       = true                                   {manageable} {command line}
   size_t SoftMaxHeapSize                          = 17112760320                            {manageable} {ergonomic}
     bool UseCompressedClassPointers               = true                                 {lp64_product} {ergonomic}
     bool UseCompressedOops                        = true                                 {lp64_product} {ergonomic}
     bool UseG1GC                                  = true                                      {product} {ergonomic}
     bool UseLargePagesIndividualAllocation        = false                                  {pd product} {ergonomic}

Logging:
Log output configuration:
 #0: stdout all=warning uptime,level,tags
 #1: stderr all=off uptime,level,tags

Environment Variables:
JAVA_HOME=c:\Program Files\Java\jdk-15
PATH=C:\Program Files\Common Files\Oracle\Java\javapath;c:\Program Files\Java\jdk-15\bin;C:\winapp\utils\python.3.8.6\Scripts\;C:\winapp\utils\python.3.8.6\;C:\Program Files (x86)\Intel\Intel(R) Management Engine Components\iCLS\;C:\Program Files\Intel\Intel(R) Management Engine Components\iCLS\;C:\windows\system32;C:\windows;C:\windows\System32\Wbem;C:\windows\System32\WindowsPowerShell\v1.0\;C:\windows\System32\OpenSSH\;c:\Program Files (x86)\HP\HP Performance Advisor;C:\Program Files (x86)\Microsoft SQL Server\Client SDK\ODBC\130\Tools\Binn\;C:\Program Files (x86)\Microsoft SQL Server\140\Tools\Binn\;C:\Program Files (x86)\Microsoft SQL Server\140\DTS\Binn\;C:\Program Files (x86)\Microsoft SQL Server\140\Tools\Binn\ManagementStudio\;C:\java\bin;c:\winapp\java64\apache-maven-3.6.3\bin;C:\Program Files (x86)\Microsoft SQL Server\150\DTS\Binn\;C:\winapp\rete\PuTTY\;C:\Program Files\Microsoft SQL Server\Client SDK\ODBC\130\Tools\Binn\;C:\Program Files\Microsoft SQL Server\140\Tools\Binn\;C:\Program Files\Microsoft SQL Server\140\DTS\Binn\;C:\Program Files\Microsoft SQL Server\130\Tools\Binn\;C:\Program Files\Microsoft SQL Server\Client SDK\ODBC\170\Tools\Binn\;C:\WINDOWS\system32;C:\WINDOWS;C:\WINDOWS\System32\Wbem;C:\WINDOWS\System32\WindowsPowerShell\v1.0\;C:\WINDOWS\System32\OpenSSH\;C:\Program Files\dotnet\;C:\Program Files (x86)\Windows Kits\10\Windows Performance Toolkit\;C:\Program Files (x86)\dotnet\;C:\Program Files\Git\cmd;C:\Program Files (x86)\Calibre2\;C:\Users\clage\AppData\Local\Microsoft\WindowsApps;C:\Users\clage\.dotnet\tools;C:\Users\clage\AppData\Local\GitHubDesktop\bin
USERNAME=claudio
OS=Windows_NT
PROCESSOR_IDENTIFIER=Intel64 Family 6 Model 85 Stepping 4, GenuineIntel



---------------  S Y S T E M  ---------------

OS:
 Windows 10 , 64 bit Build 19041 (10.0.19041.1202)
OS uptime: 5 days 22:39 hours

CPU: total 12 (initial active 12) (6 cores per cpu, 2 threads per core) family 6 model 85 stepping 4, cmov, cx8, fxsr, mmx, sse, sse2, sse3, ssse3, sse4.1, sse4.2, popcnt, vzeroupper, avx, avx2, aes, clmul, erms, rtm, 3dnowpref, lzcnt, ht, tsc, tscinvbit, bmi1, bmi2, adx, fma, clflush, clflushopt, clwb

Memory: 4k page, system-wide physical 65263M (52270M free)
TotalPageFile size 74991M (AvailPageFile size 57976M)
current process WorkingSet (physical memory assigned to process): 656M, peak: 656M
current process commit charge ("private bytes"): 1155M, peak: 1159M

vm_info: Java HotSpot(TM) 64-Bit Server VM (15+36-1562) for windows-amd64 JRE (15+36-1562), built on Aug 11 2020 22:38:02 by "mach5one" with unknown MS VC++:1925

END.
